This file contains any messages produced by compilers while
running configure, to aid debugging if configure makes a mistake.

It was created by sse_wilson_dslash configure 1.0.0, which was
generated by GNU Autoconf 2.63.  Invocation command line was

  $ /home/rmfarber/book2/s23/s23.code/Original/cpp_wilson_dslash/configure --prefix=/home/rmfarber/book2/s23/s23.code/Original/install --with-qdp=/home/bjoo/BookChapter/Code/Dependencies/install/qdp++ --enable-sse2 --enable-sse3 --enable-openmp CC=icc CXX=icpc CXXFLAGS= CFLAGS= --host=x86_64-linux-gnu --build=none

## --------- ##
## Platform. ##
## --------- ##

hostname = bdi
uname -m = x86_64
uname -r = 3.10.0-123.el7.x86_64
uname -s = Linux
uname -v = #1 SMP Mon Jun 30 12:09:22 UTC 2014

/usr/bin/uname -p = x86_64
/bin/uname -X     = unknown

/bin/arch              = x86_64
/usr/bin/arch -k       = unknown
/usr/convex/getsysinfo = unknown
/usr/bin/hostinfo      = unknown
/bin/machine           = unknown
/usr/bin/oslevel       = unknown
/bin/universe          = unknown

PATH: /opt/intel/composer_xe_2015.3.187/bin/intel64
PATH: /opt/intel/composer_xe_2015.3.187/debugger/gdb/intel64_mic/bin
PATH: /opt/intel/bin
PATH: /opt/intel/advisor_xe_2015.1.10.380555/bin64
PATH: /opt/intel/vtune_amplifier_xe_2015.3.0.403110/bin64
PATH: /opt/intel/inspector_xe_2015.1.2.379161/bin64
PATH: /opt/intel//impi/5.0.3.048/intel64/bin
PATH: /opt/intel//itac/9.0.3.051/intel64/bin
PATH: /opt/intel/composer_xe_2015.3.187/bin/intel64
PATH: /opt/intel/composer_xe_2015.3.187/debugger/gdb/intel64_mic/bin
PATH: /opt/intel/bin
PATH: /opt/intel/advisor_xe_2015.1.10.380555/bin64
PATH: /opt/intel/vtune_amplifier_xe_2015.3.0.403110/bin64
PATH: /opt/intel/inspector_xe_2015.1.2.379161/bin64
PATH: /opt/intel//impi/5.0.3.048/intel64/bin
PATH: /opt/intel//itac/9.0.3.051/intel64/bin
PATH: /opt/intel/composer_xe_2015.3.187/bin/intel64
PATH: /opt/intel/composer_xe_2015.3.187/debugger/gdb/intel64_mic/bin
PATH: /usr/local/bin
PATH: /usr/bin
PATH: /bin
PATH: /home/rmfarber/ispc/bin
PATH: /home/rmfarber/ispc/bin


## ----------- ##
## Core tests. ##
## ----------- ##

configure:1909: checking build system type
configure:1927: result: none-none-none
configure:1949: checking host system type
configure:1964: result: x86_64-pc-linux-gnu
configure:1995: checking for x86_64-linux-gnu-gcc
configure:2022: result: icc
configure:2294: checking for C compiler version
configure:2302: icc --version >&5
icc (ICC) 15.0.3 20150407
Copyright (C) 1985-2015 Intel Corporation.  All rights reserved.

configure:2306: $? = 0
configure:2313: icc -v >&5
icc version 15.0.3 (gcc version 4.8.2 compatibility)
configure:2317: $? = 0
configure:2324: icc -V >&5
Intel(R) C Intel(R) 64 Compiler XE for applications running on Intel(R) 64, Version 15.0.3.187 Build 20150407
Copyright (C) 1985-2015 Intel Corporation.  All rights reserved.

configure:2328: $? = 0
configure:2351: checking for C compiler default output file name
configure:2373: icc    conftest.c  >&5
configure:2377: $? = 0
configure:2415: result: a.out
configure:2434: checking whether the C compiler works
configure:2467: result: yes
configure:2474: checking whether we are cross compiling
configure:2476: result: yes
configure:2479: checking for suffix of executables
configure:2486: icc -o conftest    conftest.c  >&5
configure:2490: $? = 0
configure:2516: result: 
configure:2522: checking for suffix of object files
configure:2548: icc -c   conftest.c >&5
configure:2552: $? = 0
configure:2577: result: o
configure:2581: checking whether we are using the GNU C compiler
configure:2610: icc -c   conftest.c >&5
configure:2617: $? = 0
configure:2634: result: yes
configure:2643: checking whether icc accepts -g
configure:2673: icc -c -g  conftest.c >&5
configure:2680: $? = 0
configure:2781: result: yes
configure:2798: checking for icc option to accept ISO C89
configure:2872: icc  -c   conftest.c >&5
configure:2879: $? = 0
configure:2902: result: none needed
configure:3032: checking for C++ compiler version
configure:3040: icpc --version >&5
icpc (ICC) 15.0.3 20150407
Copyright (C) 1985-2015 Intel Corporation.  All rights reserved.

configure:3044: $? = 0
configure:3051: icpc -v >&5
icpc version 15.0.3 (gcc version 4.8.2 compatibility)
configure:3055: $? = 0
configure:3062: icpc -V >&5
Intel(R) C++ Intel(R) 64 Compiler XE for applications running on Intel(R) 64, Version 15.0.3.187 Build 20150407
Copyright (C) 1985-2015 Intel Corporation.  All rights reserved.

configure:3066: $? = 0
configure:3069: checking whether we are using the GNU C++ compiler
configure:3098: icpc -c   conftest.cpp >&5
configure:3105: $? = 0
configure:3122: result: yes
configure:3131: checking whether icpc accepts -g
configure:3161: icpc -c -g  conftest.cpp >&5
configure:3168: $? = 0
configure:3269: result: yes
configure:3295: checking for x86_64-linux-gnu-ranlib
configure:3325: result: no
configure:3335: checking for ranlib
configure:3351: found /usr/bin/ranlib
configure:3362: result: ranlib
configure:3374: WARNING: using cross tools not prefixed with host triplet
configure:3401: checking for a BSD-compatible install
configure:3469: result: /usr/bin/install -c
configure:3480: checking whether build environment is sane
configure:3540: result: yes
configure:3589: checking for x86_64-linux-gnu-strip
configure:3619: result: no
configure:3629: checking for strip
configure:3645: found /usr/bin/strip
configure:3656: result: strip
configure:3681: checking for a thread-safe mkdir -p
configure:3720: result: /usr/bin/mkdir -p
configure:3733: checking for gawk
configure:3749: found /usr/bin/gawk
configure:3760: result: gawk
configure:3771: checking whether make sets $(MAKE)
configure:3793: result: yes
configure:3823: checking for style of include used by make
configure:3851: result: GNU
configure:3938: checking dependency style of icc
configure:4048: result: gcc3
configure:4065: checking dependency style of icpc
configure:4175: result: gcc3
configure:4301:  Not building site tests  
configure:4318:  make check will make but not run the tests 
configure:4390: checking for qdp++-config
configure:4424: result: no
configure:4432: error: QDP++ configuration program qdp++-config not found.

## ---------------- ##
## Cache variables. ##
## ---------------- ##

ac_cv_build=none-none-none
ac_cv_c_compiler_gnu=yes
ac_cv_cxx_compiler_gnu=yes
ac_cv_env_CCC_set=
ac_cv_env_CCC_value=
ac_cv_env_CC_set=set
ac_cv_env_CC_value=icc
ac_cv_env_CFLAGS_set=set
ac_cv_env_CFLAGS_value=
ac_cv_env_CPPFLAGS_set=
ac_cv_env_CPPFLAGS_value=
ac_cv_env_CXXFLAGS_set=set
ac_cv_env_CXXFLAGS_value=
ac_cv_env_CXX_set=set
ac_cv_env_CXX_value=icpc
ac_cv_env_LDFLAGS_set=
ac_cv_env_LDFLAGS_value=
ac_cv_env_LIBS_set=
ac_cv_env_LIBS_value=
ac_cv_env_build_alias_set=set
ac_cv_env_build_alias_value=none
ac_cv_env_host_alias_set=set
ac_cv_env_host_alias_value=x86_64-linux-gnu
ac_cv_env_target_alias_set=
ac_cv_env_target_alias_value=
ac_cv_host=x86_64-pc-linux-gnu
ac_cv_objext=o
ac_cv_path_install='/usr/bin/install -c'
ac_cv_path_mkdir=/usr/bin/mkdir
ac_cv_prog_AWK=gawk
ac_cv_prog_CC=icc
ac_cv_prog_ac_ct_RANLIB=ranlib
ac_cv_prog_ac_ct_STRIP=strip
ac_cv_prog_cc_c89=
ac_cv_prog_cc_g=yes
ac_cv_prog_cxx_g=yes
ac_cv_prog_make_make_set=yes
am_cv_CC_dependencies_compiler_type=gcc3
am_cv_CXX_dependencies_compiler_type=gcc3

## ----------------- ##
## Output variables. ##
## ----------------- ##

ACLOCAL='${SHELL} /home/rmfarber/book2/s23/s23.code/Original/cpp_wilson_dslash/config/missing --run aclocal-1.11'
AMDEPBACKSLASH='\'
AMDEP_FALSE='#'
AMDEP_TRUE=''
AMTAR='${SHELL} /home/rmfarber/book2/s23/s23.code/Original/cpp_wilson_dslash/config/missing --run tar'
AUTOCONF='${SHELL} /home/rmfarber/book2/s23/s23.code/Original/cpp_wilson_dslash/config/missing --run autoconf'
AUTOHEADER='${SHELL} /home/rmfarber/book2/s23/s23.code/Original/cpp_wilson_dslash/config/missing --run autoheader'
AUTOMAKE='${SHELL} /home/rmfarber/book2/s23/s23.code/Original/cpp_wilson_dslash/config/missing --run automake-1.11'
AWK='gawk'
BUILD_NOTHREADS_FALSE=''
BUILD_NOTHREADS_TRUE=''
BUILD_OMP_FALSE=''
BUILD_OMP_TRUE=''
BUILD_QDP_PACKERS_FALSE=''
BUILD_QDP_PACKERS_TRUE=''
BUILD_QDP_TESTS_FALSE='#'
BUILD_QDP_TESTS_TRUE=''
BUILD_QMT_FALSE=''
BUILD_QMT_TRUE=''
BUILD_SITE_TESTS_FALSE=''
BUILD_SITE_TESTS_TRUE='#'
CC='icc'
CCDEPMODE='depmode=gcc3'
CFLAGS=''
CPPFLAGS=''
CXX='icpc'
CXXDEPMODE='depmode=gcc3'
CXXFLAGS=''
CYGPATH_W='echo'
DEFS=''
DEPDIR='.deps'
ECHO_C=''
ECHO_N='-n'
ECHO_T=''
EXEEXT=''
INSTALL_DATA='${INSTALL} -m 644'
INSTALL_PROGRAM='${INSTALL}'
INSTALL_SCRIPT='${INSTALL}'
INSTALL_STRIP_PROGRAM='$(install_sh) -c -s'
LDFLAGS=''
LIBOBJS=''
LIBS=''
LTLIBOBJS=''
MAKEINFO='${SHELL} /home/rmfarber/book2/s23/s23.code/Original/cpp_wilson_dslash/config/missing --run makeinfo'
MKDIR_P='/usr/bin/mkdir -p'
OBJEXT='o'
PACKAGE='sse_wilson_dslash'
PACKAGE_BUGREPORT='bjoo@jlab.org'
PACKAGE_NAME='sse_wilson_dslash'
PACKAGE_STRING='sse_wilson_dslash 1.0.0'
PACKAGE_TARNAME='sse_wilson_dslash'
PACKAGE_VERSION='1.0.0'
PARSCALAR_FALSE=''
PARSCALAR_TRUE=''
PATH_SEPARATOR=':'
QDPXX_CONFIG=''
QMP_CONFIG=''
QMT_CFLAGS=''
QMT_LDFLAGS=''
QMT_LIBS=''
RANLIB='ranlib'
RUN_TESTS_FALSE=''
RUN_TESTS_TRUE='#'
SCALAR_FALSE=''
SCALAR_TRUE=''
SET_MAKE=''
SHELL='/bin/sh'
SSEXX_AUX_CFLAGS=''
SSEXX_AUX_LDFLAGS=''
SSEXX_AUX_LIBS=''
STRIP='strip'
VERSION='1.0.0'
ac_ct_CC=''
ac_ct_CXX=''
am__EXEEXT_FALSE=''
am__EXEEXT_TRUE=''
am__fastdepCC_FALSE='#'
am__fastdepCC_TRUE=''
am__fastdepCXX_FALSE='#'
am__fastdepCXX_TRUE=''
am__include='include'
am__isrc=' -I$(srcdir)'
am__leading_dot='.'
am__quote=''
am__tar='${AMTAR} chof - "$$tardir"'
am__untar='${AMTAR} xf -'
bindir='${exec_prefix}/bin'
build='none-none-none'
build_alias='none'
build_cpu='none'
build_os='none'
build_vendor='none'
datadir='${datarootdir}'
datarootdir='${prefix}/share'
docdir='${datarootdir}/doc/${PACKAGE_TARNAME}'
dvidir='${docdir}'
exec_prefix='NONE'
host='x86_64-pc-linux-gnu'
host_alias='x86_64-linux-gnu'
host_cpu='x86_64'
host_os='linux-gnu'
host_vendor='pc'
htmldir='${docdir}'
includedir='${prefix}/include'
infodir='${datarootdir}/info'
install_sh='${SHELL} /home/rmfarber/book2/s23/s23.code/Original/cpp_wilson_dslash/config/install-sh'
libdir='${exec_prefix}/lib'
libexecdir='${exec_prefix}/libexec'
localedir='${datarootdir}/locale'
localstatedir='${prefix}/var'
mandir='${datarootdir}/man'
mkdir_p='/usr/bin/mkdir -p'
oldincludedir='/usr/include'
pdfdir='${docdir}'
prefix='/home/rmfarber/book2/s23/s23.code/Original/install'
program_transform_name='s,x,x,'
psdir='${docdir}'
sbindir='${exec_prefix}/sbin'
sharedstatedir='${prefix}/com'
sysconfdir='${prefix}/etc'
target_alias=''

## ----------- ##
## confdefs.h. ##
## ----------- ##

#define PACKAGE_NAME "sse_wilson_dslash"
#define PACKAGE_TARNAME "sse_wilson_dslash"
#define PACKAGE_VERSION "1.0.0"
#define PACKAGE_STRING "sse_wilson_dslash 1.0.0"
#define PACKAGE_BUGREPORT "bjoo@jlab.org"
#define PACKAGE "sse_wilson_dslash"
#define VERSION "1.0.0"

configure: exit 1
