<?xml version="1.0" encoding="utf-8" ?>
<!-- DO NOT EDIT THIS FILE -->

<log version='2.0' source='tcet'>
	<!-- Sampling enabled with the following: -->
	<!--     Budget                              5: -->
	<!--     Overdraft Budget                   75: -->
	<!--     Savings Budget                      2: -->
	<!-- Opened annotation file /nfs/software/intel/inspector_xe_2015.1.2.379161/lib64/../config/tc/qt.ant -->
	<!-- Opened annotation file /nfs/software/intel/inspector_xe_2015.1.2.379161/lib64/../config/tc/cpp11.ant -->
	<!-- Opened annotation file /nfs/software/intel/inspector_xe_2015.1.2.379161/lib64/../config/tc/fortran.ant -->
	<!-- Opened annotation file /nfs/software/intel/inspector_xe_2015.1.2.379161/lib64/../config/tc/icl.ant -->
	<msg id='1' display='false' source='tccore'>
		<type>START</type>
		<severity>INFO</severity>
		<timestamp>Wed May  6 21:26:18 2015</timestamp>
	</msg>
	<!-- Successfully loaded CCRT 12.15.3 at address 0x7ffff6c49000 - 0x7ffff6c63000 -->
	<!-- Successfully loaded the TC Analysis Core 7.1.25 at address 0x7fffe4af8000 - 0x7fffe4b34000 -->
	<!-- Successfully loaded the TC Instrumentation Engine 7.1.25 at address 0x7ffff72bf000 - 0x7ffff760a000 -->
	<!-- This is the instance of interest -->
	<msg id='2' source='tcet'>
		<type>EXEC_OF_INTEREST</type>
		<severity>INFO</severity>
		<timestamp>Wed May  6 21:26:18 2015</timestamp>
		<arg name='process'>/opt/sgi/mpt/mpt-2.11/bin/mpirun</arg>
		<arg name='pid'>15618</arg>
	</msg>
	<msg id='3' source='tcet'>
		<type>LOAD_MODULE</type>
		<severity>INFO</severity>
		<timestamp>Wed May  6 21:26:18 2015</timestamp>
		<arg name='module'>/opt/sgi/mpt/mpt-2.11/bin/mpirun</arg>
		<arg name='basement'>0x400000</arg>
		<arg name='ceiling'>0x601047</arg>
	</msg>
	<msg id='4' source='tcet'>
		<type>LOAD_MODULE</type>
		<severity>INFO</severity>
		<timestamp>Wed May  6 21:26:18 2015</timestamp>
		<arg name='module'>/lib64/ld-linux-x86-64.so.2</arg>
		<arg name='basement'>0x7ffff7dde000</arg>
		<arg name='ceiling'>0x7ffff7ffe1c7</arg>
	</msg>
	<msg id='5' source='tcet'>
		<type>LOAD_MODULE</type>
		<severity>INFO</severity>
		<timestamp>Wed May  6 21:26:19 2015</timestamp>
		<arg name='module'>/opt/sgi/mpt/mpt-2.11/lib/libxmpi.so</arg>
		<arg name='basement'>0x7fffe3cc2000</arg>
		<arg name='ceiling'>0x7fffe3eeee77</arg>
	</msg>
	<msg id='6' source='tcet'>
		<type>LOAD_MODULE</type>
		<severity>INFO</severity>
		<timestamp>Wed May  6 21:26:19 2015</timestamp>
		<arg name='module'>/lib64/libc.so.6</arg>
		<arg name='basement'>0x7fffe389c000</arg>
		<arg name='ceiling'>0x7fffe3c148b7</arg>
	</msg>
	<msg id='7' source='tcet'>
		<type>LOAD_MODULE</type>
		<severity>INFO</severity>
		<timestamp>Wed May  6 21:26:19 2015</timestamp>
		<arg name='module'>/lib64/libdl.so.2</arg>
		<arg name='basement'>0x7fffe3656000</arg>
		<arg name='ceiling'>0x7fffe385911f</arg>
	</msg>
	<msg id='8' source='tcet'>
		<type>LOAD_MODULE</type>
		<severity>INFO</severity>
		<timestamp>Wed May  6 21:26:19 2015</timestamp>
		<arg name='module'>/lib64/libgcc_s.so.1</arg>
		<arg name='basement'>0x7fffe3440000</arg>
		<arg name='ceiling'>0x7fffe3655417</arg>
	</msg>
	<msg id='9' source='tcet'>
		<type>LOAD_MODULE</type>
		<severity>INFO</severity>
		<timestamp>Wed May  6 21:26:19 2015</timestamp>
		<arg name='module'>/lib64/librt.so.1</arg>
		<arg name='basement'>0x7fffe3237000</arg>
		<arg name='ceiling'>0x7fffe343fc17</arg>
	</msg>
	<msg id='10' source='tcet'>
		<type>LOAD_MODULE</type>
		<severity>INFO</severity>
		<timestamp>Wed May  6 21:26:19 2015</timestamp>
		<arg name='module'>/lib64/libpthread.so.0</arg>
		<arg name='basement'>0x7fffe301a000</arg>
		<arg name='ceiling'>0x7fffe32363af</arg>
	</msg>
	<msg id='11' source='tcet'>
		<type>LOAD_MODULE</type>
		<severity>INFO</severity>
		<timestamp>Wed May  6 21:26:19 2015</timestamp>
		<arg name='module'>/lib64/libnss_files.so.2</arg>
		<arg name='basement'>0x7fffe2669000</arg>
		<arg name='ceiling'>0x7fffe28755cf</arg>
	</msg>
	<msg id='12' source='tcet'>
		<type>LOAD_MODULE</type>
		<severity>INFO</severity>
		<timestamp>Wed May  6 21:26:20 2015</timestamp>
		<arg name='module'>/lib64/libnss_dns.so.2</arg>
		<arg name='basement'>0x7fffe22b1000</arg>
		<arg name='ceiling'>0x7fffe24b6117</arg>
	</msg>
	<msg id='13' source='tcet'>
		<type>LOAD_MODULE</type>
		<severity>INFO</severity>
		<timestamp>Wed May  6 21:26:20 2015</timestamp>
		<arg name='module'>/lib64/libresolv.so.2</arg>
		<arg name='basement'>0x7fffe209a000</arg>
		<arg name='ceiling'>0x7fffe22b0aa7</arg>
	</msg>
	<msg id='14' source='tcet'>
		<type>LOAD_MODULE</type>
		<severity>INFO</severity>
		<timestamp>Wed May  6 21:26:20 2015</timestamp>
		<arg name='module'>/usr/lib64/libarray.so</arg>
		<arg name='basement'>0x7fffe1aee000</arg>
		<arg name='ceiling'>0x7fffe1d257c7</arg>
	</msg>
	<msg id='15' source='tcet'>
		<type>LOAD_MODULE</type>
		<severity>INFO</severity>
		<timestamp>Wed May  6 21:26:20 2015</timestamp>
		<arg name='module'>/usr/lib64/libprocset.so</arg>
		<arg name='basement'>0x7fffe18eb000</arg>
		<arg name='ceiling'>0x7fffe1aed087</arg>
	</msg>
	<!-- Forking process 15628 -->