This file contains any messages produced by compilers while
running configure, to aid debugging if configure makes a mistake.

It was created by libxc configure 2.2.0, which was
generated by GNU Autoconf 2.69.  Invocation command line was

  $ ./configure CC=icc CFLAGS=-fPIC -xHOST --prefix=/home/rmfarber/book2/s09/gpaw/gpaw/libxc-2.2.0/install -enable-shared

## --------- ##
## Platform. ##
## --------- ##

hostname = bdi
uname -m = x86_64
uname -r = 3.10.0-123.el7.x86_64
uname -s = Linux
uname -v = #1 SMP Mon Jun 30 12:09:22 UTC 2014

/usr/bin/uname -p = x86_64
/bin/uname -X     = unknown

/bin/arch              = x86_64
/usr/bin/arch -k       = unknown
/usr/convex/getsysinfo = unknown
/usr/bin/hostinfo      = unknown
/bin/machine           = unknown
/usr/bin/oslevel       = unknown
/bin/universe          = unknown

PATH: /home/rmfarber/book2/s09/gpaw/gpaw/build/bin.linux-x86_64-intel64-2.7
PATH: /home/rmfarber/book2/s09/gpaw/gpaw/tools/
PATH: /home/rmfarber/book2/s09/gpaw/gpaw/ase-3.9.0-trunk/tools
PATH: /opt/intel/bin
PATH: /opt/intel/advisor_xe_2015.1.10.380555/bin64
PATH: /opt/intel/vtune_amplifier_xe_2015.3.0.403110/bin64
PATH: /opt/intel/inspector_xe_2015.1.2.379161/bin64
PATH: /opt/intel//impi/5.0.3.048/intel64/bin
PATH: /opt/intel//itac/9.0.3.051/intel64/bin
PATH: /opt/intel/composer_xe_2015.3.187/bin/intel64
PATH: /opt/intel/composer_xe_2015.3.187/debugger/gdb/intel64_mic/bin
PATH: /usr/local/bin
PATH: /usr/bin
PATH: /bin
PATH: /home/rmfarber/ispc/bin


## ----------- ##
## Core tests. ##
## ----------- ##

configure:2556: checking for a BSD-compatible install
configure:2624: result: /usr/bin/install -c
configure:2635: checking whether build environment is sane
configure:2690: result: yes
configure:2841: checking for a thread-safe mkdir -p
configure:2880: result: /usr/bin/mkdir -p
configure:2887: checking for gawk
configure:2903: found /usr/bin/gawk
configure:2914: result: gawk
configure:2925: checking whether make sets $(MAKE)
configure:2947: result: yes
configure:2976: checking whether make supports nested variables
configure:2993: result: yes
configure:3117: checking for a sed that does not truncate output
configure:3194: result: /usr/bin/sed
configure:3269: checking build system type
configure:3283: result: x86_64-unknown-linux-gnu
configure:3303: checking host system type
configure:3316: result: x86_64-unknown-linux-gnu
configure:3357: checking how to print strings
configure:3384: result: printf
configure:3417: checking for style of include used by make
configure:3445: result: GNU
configure:3516: checking for gcc
configure:3543: result: icc
configure:3772: checking for C compiler version
configure:3781: icc --version >&5
icc (ICC) 15.0.3 20150407
Copyright (C) 1985-2015 Intel Corporation.  All rights reserved.

configure:3792: $? = 0
configure:3781: icc -v >&5
icc version 15.0.3 (gcc version 4.8.3 compatibility)
configure:3792: $? = 0
configure:3781: icc -V >&5
Intel(R) C Intel(R) 64 Compiler XE for applications running on Intel(R) 64, Version 15.0.3.187 Build 20150407
Copyright (C) 1985-2015 Intel Corporation.  All rights reserved.

configure:3792: $? = 0
configure:3781: icc -qversion >&5
icc: command line warning #10006: ignoring unknown option '-qversion'
icc: command line error: no files specified; for help type "icc -help"
configure:3792: $? = 1
configure:3812: checking whether the C compiler works
configure:3834: icc -fPIC -xHOST   conftest.c  >&5
configure:3838: $? = 0
configure:3886: result: yes
configure:3889: checking for C compiler default output file name
configure:3891: result: a.out
configure:3897: checking for suffix of executables
configure:3904: icc -o conftest -fPIC -xHOST   conftest.c  >&5
configure:3908: $? = 0
configure:3930: result: 
configure:3952: checking whether we are cross compiling
configure:3960: icc -o conftest -fPIC -xHOST   conftest.c  >&5
configure:3964: $? = 0
configure:3971: ./conftest
configure:3975: $? = 0
configure:3990: result: no
configure:3995: checking for suffix of object files
configure:4017: icc -c -fPIC -xHOST  conftest.c >&5
configure:4021: $? = 0
configure:4042: result: o
configure:4046: checking whether we are using the GNU C compiler
configure:4065: icc -c -fPIC -xHOST  conftest.c >&5
configure:4065: $? = 0
configure:4074: result: yes
configure:4083: checking whether icc accepts -g
configure:4103: icc -c -g  conftest.c >&5
configure:4103: $? = 0
configure:4144: result: yes
configure:4161: checking for icc option to accept ISO C89
configure:4224: icc  -c -fPIC -xHOST  conftest.c >&5
configure:4224: $? = 0
configure:4237: result: none needed
configure:4259: checking dependency style of icc
configure:4370: result: gcc3
configure:4385: checking for a sed that does not truncate output
configure:4462: result: /usr/bin/sed
configure:4480: checking for grep that handles long lines and -e
configure:4539: result: /usr/bin/grep
configure:4544: checking for egrep
configure:4607: result: /usr/bin/grep -E
configure:4612: checking for fgrep
configure:4675: result: /usr/bin/grep -F
configure:4710: checking for ld used by icc
configure:4777: result: /usr/bin/ld
configure:4784: checking if the linker (/usr/bin/ld) is GNU ld
configure:4799: result: yes
configure:4811: checking for BSD- or MS-compatible name lister (nm)
configure:4860: result: /usr/bin/nm -B
configure:4990: checking the name lister (/usr/bin/nm -B) interface
configure:4997: icc -c -fPIC -xHOST  conftest.c >&5
configure:5000: /usr/bin/nm -B "conftest.o"
configure:5003: output
0000000000000000 B some_variable
configure:5010: result: BSD nm
configure:5013: checking whether ln -s works
configure:5017: result: yes
configure:5025: checking the maximum length of command line arguments
configure:5155: result: 1572864
configure:5172: checking whether the shell understands some XSI constructs
configure:5182: result: yes
configure:5186: checking whether the shell understands "+="
configure:5192: result: yes
configure:5227: checking how to convert x86_64-unknown-linux-gnu file names to x86_64-unknown-linux-gnu format
configure:5267: result: func_convert_file_noop
configure:5274: checking how to convert x86_64-unknown-linux-gnu file names to toolchain format
configure:5294: result: func_convert_file_noop
configure:5301: checking for /usr/bin/ld option to reload object files
configure:5308: result: -r
configure:5382: checking for objdump
configure:5398: found /usr/bin/objdump
configure:5409: result: objdump
configure:5441: checking how to recognize dependent libraries
configure:5643: result: pass_all
configure:5728: checking for dlltool
configure:5758: result: no
configure:5788: checking how to associate runtime and link libraries
configure:5815: result: printf %s\n
configure:5876: checking for ar
configure:5892: found /usr/bin/ar
configure:5903: result: ar
configure:5940: checking for archiver @FILE support
configure:5957: icc -c -fPIC -xHOST  conftest.c >&5
configure:5957: $? = 0
configure:5960: ar cru libconftest.a @conftest.lst >&5
configure:5963: $? = 0
configure:5968: ar cru libconftest.a @conftest.lst >&5
ar: conftest.o: No such file or directory
configure:5971: $? = 1
configure:5983: result: @
configure:6041: checking for strip
configure:6057: found /usr/bin/strip
configure:6068: result: strip
configure:6140: checking for ranlib
configure:6156: found /usr/bin/ranlib
configure:6167: result: ranlib
configure:6269: checking command to parse /usr/bin/nm -B output from icc object
configure:6389: icc -c -fPIC -xHOST  conftest.c >&5
configure:6392: $? = 0
configure:6396: /usr/bin/nm -B conftest.o \| sed -n -e 's/^.*[ ]\([ABCDGIRSTW][ABCDGIRSTW]*\)[ ][ ]*\([_A-Za-z][_A-Za-z0-9]*\)$/\1 \2 \2/p' | sed '/ __gnu_lto/d' \> conftest.nm
configure:6399: $? = 0
configure:6465: icc -o conftest -fPIC -xHOST   conftest.c conftstm.o >&5
configure:6468: $? = 0
configure:6506: result: ok
configure:6543: checking for sysroot
configure:6573: result: no
configure:6650: icc -c -fPIC -xHOST  conftest.c >&5
configure:6653: $? = 0
configure:6835: checking for mt
configure:6865: result: no
configure:6885: checking if : is a manifest tool
configure:6891: : '-?'
configure:6899: result: no
configure:7541: checking how to run the C preprocessor
configure:7572: icc -E  conftest.c
configure:7572: $? = 0
configure:7586: icc -E  conftest.c
conftest.c(11): error #2379: cannot open source file "ac_nonexistent.h"
  #include <ac_nonexistent.h>
                             ^

configure:7586: $? = 2
configure: failed program was:
| /* confdefs.h */
| #define PACKAGE_NAME "libxc"
| #define PACKAGE_TARNAME "libxc"
| #define PACKAGE_VERSION "2.2.0"
| #define PACKAGE_STRING "libxc 2.2.0"
| #define PACKAGE_BUGREPORT "libxc@tddft.org"
| #define PACKAGE_URL "http://www.tddft.org/programs/Libxc"
| #define PACKAGE "libxc"
| #define VERSION "2.2.0"
| /* end confdefs.h.  */
| #include <ac_nonexistent.h>
configure:7611: result: icc -E
configure:7631: icc -E  conftest.c
configure:7631: $? = 0
configure:7645: icc -E  conftest.c
conftest.c(11): error #2379: cannot open source file "ac_nonexistent.h"
  #include <ac_nonexistent.h>
                             ^

configure:7645: $? = 2
configure: failed program was:
| /* confdefs.h */
| #define PACKAGE_NAME "libxc"
| #define PACKAGE_TARNAME "libxc"
| #define PACKAGE_VERSION "2.2.0"
| #define PACKAGE_STRING "libxc 2.2.0"
| #define PACKAGE_BUGREPORT "libxc@tddft.org"
| #define PACKAGE_URL "http://www.tddft.org/programs/Libxc"
| #define PACKAGE "libxc"
| #define VERSION "2.2.0"
| /* end confdefs.h.  */
| #include <ac_nonexistent.h>
configure:7674: checking for ANSI C header files
configure:7694: icc -c -fPIC -xHOST  conftest.c >&5
configure:7694: $? = 0
configure:7767: icc -o conftest -fPIC -xHOST   conftest.c  >&5
configure:7767: $? = 0
configure:7767: ./conftest
configure:7767: $? = 0
configure:7778: result: yes
configure:7791: checking for sys/types.h
configure:7791: icc -c -fPIC -xHOST  conftest.c >&5
configure:7791: $? = 0
configure:7791: result: yes
configure:7791: checking for sys/stat.h
configure:7791: icc -c -fPIC -xHOST  conftest.c >&5
configure:7791: $? = 0
configure:7791: result: yes
configure:7791: checking for stdlib.h
configure:7791: icc -c -fPIC -xHOST  conftest.c >&5
configure:7791: $? = 0
configure:7791: result: yes
configure:7791: checking for string.h
configure:7791: icc -c -fPIC -xHOST  conftest.c >&5
configure:7791: $? = 0
configure:7791: result: yes
configure:7791: checking for memory.h
configure:7791: icc -c -fPIC -xHOST  conftest.c >&5
configure:7791: $? = 0
configure:7791: result: yes
configure:7791: checking for strings.h
configure:7791: icc -c -fPIC -xHOST  conftest.c >&5
configure:7791: $? = 0
configure:7791: result: yes
configure:7791: checking for inttypes.h
configure:7791: icc -c -fPIC -xHOST  conftest.c >&5
configure:7791: $? = 0
configure:7791: result: yes
configure:7791: checking for stdint.h
configure:7791: icc -c -fPIC -xHOST  conftest.c >&5
configure:7791: $? = 0
configure:7791: result: yes
configure:7791: checking for unistd.h
configure:7791: icc -c -fPIC -xHOST  conftest.c >&5
configure:7791: $? = 0
configure:7791: result: yes
configure:7805: checking for dlfcn.h
configure:7805: icc -c -fPIC -xHOST  conftest.c >&5
configure:7805: $? = 0
configure:7805: result: yes
configure:7981: checking for objdir
configure:7996: result: .libs
configure:8267: checking if icc supports -fno-rtti -fno-exceptions
configure:8285: icc -c -fPIC -xHOST  -fno-rtti -fno-exceptions conftest.c >&5
configure:8289: $? = 0
configure:8302: result: yes
configure:8629: checking for icc option to produce PIC
configure:8636: result: -fPIC -DPIC
configure:8644: checking if icc PIC flag -fPIC -DPIC works
configure:8662: icc -c -fPIC -xHOST  -fPIC -DPIC -DPIC conftest.c >&5
configure:8666: $? = 0
configure:8679: result: yes
configure:8708: checking if icc static flag -static works
configure:8736: result: no
configure:8751: checking if icc supports -c -o file.o
configure:8772: icc -c -fPIC -xHOST  -o out/conftest2.o conftest.c >&5
configure:8776: $? = 0
configure:8798: result: yes
configure:8806: checking if icc supports -c -o file.o
configure:8853: result: yes
configure:8886: checking whether the icc linker (/usr/bin/ld -m elf_x86_64) supports shared libraries
configure:10039: result: yes
configure:10076: checking whether -lc should be explicitly linked in
configure:10084: icc -c -fPIC -xHOST  conftest.c >&5
configure:10087: $? = 0
configure:10102: icc -shared  -fPIC -DPIC conftest.o  -v -Wl,-soname -Wl,conftest -o conftest 2\>\&1 \| /usr/bin/grep  -lc  \>/dev/null 2\>\&1
configure:10105: $? = 0
configure:10119: result: no
configure:10279: checking dynamic linker characteristics
configure:10790: icc -o conftest -fPIC -xHOST   -Wl,-rpath -Wl,/foo conftest.c  >&5
configure:10790: $? = 0
configure:11016: result: GNU/Linux ld.so
configure:11123: checking how to hardcode library paths into programs
configure:11148: result: immediate
configure:11688: checking whether stripping libraries is possible
configure:11693: result: yes
configure:11728: checking if libtool supports shared libraries
configure:11730: result: yes
configure:11733: checking whether to build shared libraries
configure:11754: result: yes
configure:11757: checking whether to build static libraries
configure:11761: result: yes
configure:11848: checking for gcc
configure:11875: result: icc
configure:12104: checking for C compiler version
configure:12113: icc --version >&5
icc (ICC) 15.0.3 20150407
Copyright (C) 1985-2015 Intel Corporation.  All rights reserved.

configure:12124: $? = 0
configure:12113: icc -v >&5
icc version 15.0.3 (gcc version 4.8.3 compatibility)
configure:12124: $? = 0
configure:12113: icc -V >&5
Intel(R) C Intel(R) 64 Compiler XE for applications running on Intel(R) 64, Version 15.0.3.187 Build 20150407
Copyright (C) 1985-2015 Intel Corporation.  All rights reserved.

configure:12124: $? = 0
configure:12113: icc -qversion >&5
icc: command line warning #10006: ignoring unknown option '-qversion'
icc: command line error: no files specified; for help type "icc -help"
configure:12124: $? = 1
configure:12128: checking whether we are using the GNU C compiler
configure:12156: result: yes
configure:12165: checking whether icc accepts -g
configure:12226: result: yes
configure:12243: checking for icc option to accept ISO C89
configure:12319: result: none needed
configure:12341: checking dependency style of icc
configure:12452: result: gcc3
configure:12469: checking whether icc and cc understand -c and -o together
configure:12500: icc -c conftest.c -o conftest2.o >&5
configure:12504: $? = 0
configure:12510: icc -c conftest.c -o conftest2.o >&5
configure:12514: $? = 0
configure:12525: cc -c conftest.c >&5
configure:12529: $? = 0
configure:12537: cc -c conftest.c -o conftest2.o >&5
configure:12541: $? = 0
configure:12547: cc -c conftest.c -o conftest2.o >&5
configure:12551: $? = 0
configure:12569: result: yes
configure:12594: checking for inline
configure:12610: icc -c -fPIC -xHOST  conftest.c >&5
configure:12610: $? = 0
configure:12618: result: inline
configure:12638: checking for ANSI C header files
configure:12742: result: yes
configure:12750: checking for size_t
configure:12750: icc -c -fPIC -xHOST  conftest.c >&5
configure:12750: $? = 0
configure:12750: icc -c -fPIC -xHOST  conftest.c >&5
conftest.c(60): error: expected an expression
  if (sizeof ((size_t)))
                      ^

compilation aborted for conftest.c (code 2)
configure:12750: $? = 2
configure: failed program was:
| /* confdefs.h */
| #define PACKAGE_NAME "libxc"
| #define PACKAGE_TARNAME "libxc"
| #define PACKAGE_VERSION "2.2.0"
| #define PACKAGE_STRING "libxc 2.2.0"
| #define PACKAGE_BUGREPORT "libxc@tddft.org"
| #define PACKAGE_URL "http://www.tddft.org/programs/Libxc"
| #define PACKAGE "libxc"
| #define VERSION "2.2.0"
| #define STDC_HEADERS 1
| #define HAVE_SYS_TYPES_H 1
| #define HAVE_SYS_STAT_H 1
| #define HAVE_STDLIB_H 1
| #define HAVE_STRING_H 1
| #define HAVE_MEMORY_H 1
| #define HAVE_STRINGS_H 1
| #define HAVE_INTTYPES_H 1
| #define HAVE_STDINT_H 1
| #define HAVE_UNISTD_H 1
| #define HAVE_DLFCN_H 1
| #define LT_OBJDIR ".libs/"
| #define STDC_HEADERS 1
| /* end confdefs.h.  */
| #include <stdio.h>
| #ifdef HAVE_SYS_TYPES_H
| # include <sys/types.h>
| #endif
| #ifdef HAVE_SYS_STAT_H
| # include <sys/stat.h>
| #endif
| #ifdef STDC_HEADERS
| # include <stdlib.h>
| # include <stddef.h>
| #else
| # ifdef HAVE_STDLIB_H
| #  include <stdlib.h>
| # endif
| #endif
| #ifdef HAVE_STRING_H
| # if !defined STDC_HEADERS && defined HAVE_MEMORY_H
| #  include <memory.h>
| # endif
| # include <string.h>
| #endif
| #ifdef HAVE_STRINGS_H
| # include <strings.h>
| #endif
| #ifdef HAVE_INTTYPES_H
| # include <inttypes.h>
| #endif
| #ifdef HAVE_STDINT_H
| # include <stdint.h>
| #endif
| #ifdef HAVE_UNISTD_H
| # include <unistd.h>
| #endif
| int
| main ()
| {
| if (sizeof ((size_t)))
| 	    return 0;
|   ;
|   return 0;
| }
configure:12750: result: yes
configure:12763: checking for working alloca.h
configure:12780: icc -o conftest -fPIC -xHOST   conftest.c  >&5
configure:12780: $? = 0
configure:12788: result: yes
configure:12796: checking for alloca
configure:12833: icc -o conftest -fPIC -xHOST   conftest.c  >&5
configure:12833: $? = 0
configure:12841: result: yes
configure:12953: checking size of void*
configure:12958: icc -o conftest -fPIC -xHOST   conftest.c  >&5
configure:12958: $? = 0
configure:12958: ./conftest
configure:12958: $? = 0
configure:12972: result: 8
configure:12984: checking for sqrtf in -lm
configure:13009: icc -o conftest -fPIC -xHOST   conftest.c -lm   >&5
configure:13009: $? = 0
configure:13018: result: yes
configure:13026: checking for cbrt in -lm
configure:13051: icc -o conftest -fPIC -xHOST   conftest.c -lm   >&5
configure:13051: $? = 0
configure:13060: result: yes
configure:13068: checking for cbrtf in -lm
configure:13093: icc -o conftest -fPIC -xHOST   conftest.c -lm   >&5
configure:13093: $? = 0
configure:13102: result: yes
configure:13110: checking for feenableexcept in -lm
configure:13135: icc -o conftest -fPIC -xHOST   conftest.c -lm   >&5
configure:13135: $? = 0
configure:13144: result: yes
configure:13229: checking for xlf90
configure:13259: result: no
configure:13229: checking for f90
configure:13259: result: no
configure:13229: checking for pgf90
configure:13259: result: no
configure:13229: checking for pghpf
configure:13259: result: no
configure:13229: checking for epcf90
configure:13259: result: no
configure:13229: checking for gfortran
configure:13245: found /usr/bin/gfortran
configure:13256: result: gfortran
configure:13282: checking for Fortran compiler version
configure:13291: gfortran --version >&5
GNU Fortran (GCC) 4.8.3 20140911 (Red Hat 4.8.3-9)
Copyright (C) 2013 Free Software Foundation, Inc.

GNU Fortran comes with NO WARRANTY, to the extent permitted by law.
You may redistribute copies of GNU Fortran
under the terms of the GNU General Public License.
For more information about these matters, see the file named COPYING

configure:13302: $? = 0
configure:13291: gfortran -v >&5
Using built-in specs.
COLLECT_GCC=gfortran
COLLECT_LTO_WRAPPER=/usr/libexec/gcc/x86_64-redhat-linux/4.8.3/lto-wrapper
Target: x86_64-redhat-linux
Configured with: ../configure --prefix=/usr --mandir=/usr/share/man --infodir=/usr/share/info --with-bugurl=http://bugzilla.redhat.com/bugzilla --enable-bootstrap --enable-shared --enable-threads=posix --enable-checking=release --with-system-zlib --enable-__cxa_atexit --disable-libunwind-exceptions --enable-gnu-unique-object --enable-linker-build-id --with-linker-hash-style=gnu --enable-languages=c,c++,objc,obj-c++,java,fortran,ada,go,lto --enable-plugin --enable-initfini-array --disable-libgcj --with-isl=/builddir/build/BUILD/gcc-4.8.3-20140911/obj-x86_64-redhat-linux/isl-install --with-cloog=/builddir/build/BUILD/gcc-4.8.3-20140911/obj-x86_64-redhat-linux/cloog-install --enable-gnu-indirect-function --with-tune=generic --with-arch_32=x86-64 --build=x86_64-redhat-linux
Thread model: posix
gcc version 4.8.3 20140911 (Red Hat 4.8.3-9) (GCC) 
configure:13302: $? = 0
configure:13291: gfortran -V >&5
gfortran: error: unrecognized command line option '-V'
gfortran: fatal error: no input files
compilation terminated.
configure:13302: $? = 4
configure:13291: gfortran -qversion >&5
gfortran: error: unrecognized command line option '-qversion'
gfortran: fatal error: no input files
compilation terminated.
configure:13302: $? = 4
configure:13311: checking whether we are using the GNU Fortran compiler
configure:13324: gfortran -c   conftest.F >&5
configure:13324: $? = 0
configure:13333: result: yes
configure:13339: checking whether gfortran accepts -g
configure:13350: gfortran -c -g  conftest.f >&5
configure:13350: $? = 0
configure:13358: result: yes
configure:13507: checking if libtool supports shared libraries
configure:13509: result: yes
configure:13512: checking whether to build shared libraries
configure:13532: result: yes
configure:13535: checking whether to build static libraries
configure:13539: result: yes
configure:13573: gfortran -c -g -O2  conftest.f >&5
configure:13576: $? = 0
configure:14023: checking for gfortran option to produce PIC
configure:14030: result: -fPIC
configure:14038: checking if gfortran PIC flag -fPIC works
configure:14056: gfortran -c -g -O2 -fPIC  conftest.f >&5
configure:14060: $? = 0
configure:14073: result: yes
configure:14096: checking if gfortran static flag -static works
configure:14124: result: no
configure:14136: checking if gfortran supports -c -o file.o
configure:14157: gfortran -c -g -O2 -o out/conftest2.o  conftest.f >&5
configure:14161: $? = 0
configure:14183: result: yes
configure:14188: checking if gfortran supports -c -o file.o
configure:14235: result: yes
configure:14265: checking whether the gfortran linker (/usr/bin/ld -m elf_x86_64) supports shared libraries
configure:15368: result: yes
configure:15509: checking dynamic linker characteristics
configure:16174: result: GNU/Linux ld.so
configure:16227: checking how to hardcode library paths into programs
configure:16252: result: immediate
configure:16298: checking for Fortran flag to compile .f90 files
configure:16318: gfortran -c -g -O2  conftest.f90 >&5
configure:16318: $? = 0
configure:16327: result: none
configure:16424: Using FCFLAGS="-pipe -O3 -funroll-loops -ffast-math -ffree-line-length-none"
configure:16438: checking whether /lib/cpp is usable for Fortran preprocessing
configure:16494: result: preprocessor mangles C++ style comment
configure:16438: checking whether /lib/cpp -ansi is usable for Fortran preprocessing
configure:16501: result: yes
configure:16522: checking how to get verbose linking output from gfortran
configure:16532: gfortran -c -pipe -O3 -funroll-loops -ffast-math -ffree-line-length-none  conftest.f90 >&5
configure:16532: $? = 0
configure:16550: gfortran -o conftest -pipe -O3 -funroll-loops -ffast-math -ffree-line-length-none -v conftest.f90
Using built-in specs.
Target: x86_64-redhat-linux
Thread model: posix
gcc version 4.8.3 20140911 (Red Hat 4.8.3-9) (GCC) 
 /usr/libexec/gcc/x86_64-redhat-linux/4.8.3/f951 conftest.f90 -quiet -dumpbase conftest.f90 -mtune=generic -march=x86-64 -auxbase conftest -O3 -version -funroll-loops -ffast-math -ffree-line-length-none -fintrinsic-modules-path /usr/lib/gcc/x86_64-redhat-linux/4.8.3/finclude -o - |
 as -v --64 -o /tmp/ccOUbRz6.o
GNU assembler version 2.23.52.0.1 (x86_64-redhat-linux) using BFD version version 2.23.52.0.1-16.el7 20130226
GNU Fortran (GCC) version 4.8.3 20140911 (Red Hat 4.8.3-9) (x86_64-redhat-linux)
	compiled by GNU C version 4.8.3 20140911 (Red Hat 4.8.3-9), GMP version 5.1.1, MPFR version 3.1.1, MPC version 1.0.1
GGC heuristics: --param ggc-min-expand=100 --param ggc-min-heapsize=131072
GNU Fortran (GCC) version 4.8.3 20140911 (Red Hat 4.8.3-9) (x86_64-redhat-linux)
	compiled by GNU C version 4.8.3 20140911 (Red Hat 4.8.3-9), GMP version 5.1.1, MPFR version 3.1.1, MPC version 1.0.1
GGC heuristics: --param ggc-min-expand=100 --param ggc-min-heapsize=131072
Reading specs from /usr/lib/gcc/x86_64-redhat-linux/4.8.3/libgfortran.spec
rename spec lib to liborig
 /usr/libexec/gcc/x86_64-redhat-linux/4.8.3/collect2 --build-id --no-add-needed --eh-frame-hdr --hash-style=gnu -m elf_x86_64 -dynamic-linker /lib64/ld-linux-x86-64.so.2 -o conftest /usr/lib/gcc/x86_64-redhat-linux/4.8.3/../../../../lib64/crt1.o /usr/lib/gcc/x86_64-redhat-linux/4.8.3/../../../../lib64/crti.o /usr/lib/gcc/x86_64-redhat-linux/4.8.3/crtbegin.o -L/usr/lib/gcc/x86_64-redhat-linux/4.8.3 -L/usr/lib/gcc/x86_64-redhat-linux/4.8.3/../../../../lib64 -L/lib/../lib64 -L/usr/lib/../lib64 -L/opt/intel/composer_xe_2015.3.187/compiler/lib/intel64 -L/opt/intel/composer_xe_2015.3.187/ipp/../compiler/lib/intel64 -L/opt/intel/composer_xe_2015.3.187/ipp/lib/intel64 -L/opt/intel/composer_xe_2015.3.187/compiler/lib/intel64 -L/opt/intel/composer_xe_2015.3.187/mkl/lib/intel64 -L/opt/intel/composer_xe_2015.3.187/tbb/lib/intel64/gcc4.4 -L/usr/lib/gcc/x86_64-redhat-linux/4.8.3/../../.. /tmp/ccOUbRz6.o -lgfortran -lm -lgcc_s -lgcc -lquadmath -lm -lgcc_s -lgcc -lc -lgcc_s -lgcc /usr/lib/gcc/x86_64-redhat-linux/4.8.3/crtfastmath.o /usr/lib/gcc/x86_64-redhat-linux/4.8.3/crtend.o /usr/lib/gcc/x86_64-redhat-linux/4.8.3/../../../../lib64/crtn.o
configure:16633: result: -v
configure:16635: checking for Fortran libraries of gfortran
configure:16658: gfortran -o conftest -pipe -O3 -funroll-loops -ffast-math -ffree-line-length-none -v conftest.f90
Using built-in specs.
Target: x86_64-redhat-linux
Thread model: posix
gcc version 4.8.3 20140911 (Red Hat 4.8.3-9) (GCC) 
 /usr/libexec/gcc/x86_64-redhat-linux/4.8.3/f951 conftest.f90 -quiet -dumpbase conftest.f90 -mtune=generic -march=x86-64 -auxbase conftest -O3 -version -funroll-loops -ffast-math -ffree-line-length-none -fintrinsic-modules-path /usr/lib/gcc/x86_64-redhat-linux/4.8.3/finclude -o - |
 as -v --64 -o /tmp/ccyGrIM8.o
GNU assembler version 2.23.52.0.1 (x86_64-redhat-linux) using BFD version version 2.23.52.0.1-16.el7 20130226
GNU Fortran (GCC) version 4.8.3 20140911 (Red Hat 4.8.3-9) (x86_64-redhat-linux)
	compiled by GNU C version 4.8.3 20140911 (Red Hat 4.8.3-9), GMP version 5.1.1, MPFR version 3.1.1, MPC version 1.0.1
GGC heuristics: --param ggc-min-expand=100 --param ggc-min-heapsize=131072
GNU Fortran (GCC) version 4.8.3 20140911 (Red Hat 4.8.3-9) (x86_64-redhat-linux)
	compiled by GNU C version 4.8.3 20140911 (Red Hat 4.8.3-9), GMP version 5.1.1, MPFR version 3.1.1, MPC version 1.0.1
GGC heuristics: --param ggc-min-expand=100 --param ggc-min-heapsize=131072
Reading specs from /usr/lib/gcc/x86_64-redhat-linux/4.8.3/libgfortran.spec
rename spec lib to liborig
 /usr/libexec/gcc/x86_64-redhat-linux/4.8.3/collect2 --build-id --no-add-needed --eh-frame-hdr --hash-style=gnu -m elf_x86_64 -dynamic-linker /lib64/ld-linux-x86-64.so.2 -o conftest /usr/lib/gcc/x86_64-redhat-linux/4.8.3/../../../../lib64/crt1.o /usr/lib/gcc/x86_64-redhat-linux/4.8.3/../../../../lib64/crti.o /usr/lib/gcc/x86_64-redhat-linux/4.8.3/crtbegin.o -L/usr/lib/gcc/x86_64-redhat-linux/4.8.3 -L/usr/lib/gcc/x86_64-redhat-linux/4.8.3/../../../../lib64 -L/lib/../lib64 -L/usr/lib/../lib64 -L/opt/intel/composer_xe_2015.3.187/compiler/lib/intel64 -L/opt/intel/composer_xe_2015.3.187/ipp/../compiler/lib/intel64 -L/opt/intel/composer_xe_2015.3.187/ipp/lib/intel64 -L/opt/intel/composer_xe_2015.3.187/compiler/lib/intel64 -L/opt/intel/composer_xe_2015.3.187/mkl/lib/intel64 -L/opt/intel/composer_xe_2015.3.187/tbb/lib/intel64/gcc4.4 -L/usr/lib/gcc/x86_64-redhat-linux/4.8.3/../../.. /tmp/ccyGrIM8.o -lgfortran -lm -lgcc_s -lgcc -lquadmath -lm -lgcc_s -lgcc -lc -lgcc_s -lgcc /usr/lib/gcc/x86_64-redhat-linux/4.8.3/crtfastmath.o /usr/lib/gcc/x86_64-redhat-linux/4.8.3/crtend.o /usr/lib/gcc/x86_64-redhat-linux/4.8.3/../../../../lib64/crtn.o
configure:16854: result:  -L/usr/lib/gcc/x86_64-redhat-linux/4.8.3 -L/usr/lib/gcc/x86_64-redhat-linux/4.8.3/../../../../lib64 -L/lib/../lib64 -L/usr/lib/../lib64 -L/opt/intel/composer_xe_2015.3.187/compiler/lib/intel64 -L/opt/intel/composer_xe_2015.3.187/ipp/../compiler/lib/intel64 -L/opt/intel/composer_xe_2015.3.187/ipp/lib/intel64 -L/opt/intel/composer_xe_2015.3.187/mkl/lib/intel64 -L/opt/intel/composer_xe_2015.3.187/tbb/lib/intel64/gcc4.4 -L/usr/lib/gcc/x86_64-redhat-linux/4.8.3/../../.. -lgfortran -lm -lquadmath
configure:16869: checking for dummy main to link with Fortran libraries
configure:16903: icc -o conftest -fPIC -xHOST   conftest.c   -L/usr/lib/gcc/x86_64-redhat-linux/4.8.3 -L/usr/lib/gcc/x86_64-redhat-linux/4.8.3/../../../../lib64 -L/lib/../lib64 -L/usr/lib/../lib64 -L/opt/intel/composer_xe_2015.3.187/compiler/lib/intel64 -L/opt/intel/composer_xe_2015.3.187/ipp/../compiler/lib/intel64 -L/opt/intel/composer_xe_2015.3.187/ipp/lib/intel64 -L/opt/intel/composer_xe_2015.3.187/mkl/lib/intel64 -L/opt/intel/composer_xe_2015.3.187/tbb/lib/intel64/gcc4.4 -L/usr/lib/gcc/x86_64-redhat-linux/4.8.3/../../.. -lgfortran -lm -lquadmath >&5
configure:16903: $? = 0
configure:16948: result: none
configure:16980: checking for Fortran name-mangling scheme
configure:16993: gfortran -c -pipe -O3 -funroll-loops -ffast-math -ffree-line-length-none  conftest.f90 >&5
configure:16993: $? = 0
configure:17034: icc -o conftest -fPIC -xHOST   conftest.c cfortran_test.o   -L/usr/lib/gcc/x86_64-redhat-linux/4.8.3 -L/usr/lib/gcc/x86_64-redhat-linux/4.8.3/../../../../lib64 -L/lib/../lib64 -L/usr/lib/../lib64 -L/opt/intel/composer_xe_2015.3.187/compiler/lib/intel64 -L/opt/intel/composer_xe_2015.3.187/ipp/../compiler/lib/intel64 -L/opt/intel/composer_xe_2015.3.187/ipp/lib/intel64 -L/opt/intel/composer_xe_2015.3.187/mkl/lib/intel64 -L/opt/intel/composer_xe_2015.3.187/tbb/lib/intel64/gcc4.4 -L/usr/lib/gcc/x86_64-redhat-linux/4.8.3/../../.. -lgfortran -lm -lquadmath >&5
/tmp/iccVlYlED.o: In function `main':
conftest.c:(.text+0x30): undefined reference to `foobar'
configure:17034: $? = 1
configure: failed program was:
| /* confdefs.h */
| #define PACKAGE_NAME "libxc"
| #define PACKAGE_TARNAME "libxc"
| #define PACKAGE_VERSION "2.2.0"
| #define PACKAGE_STRING "libxc 2.2.0"
| #define PACKAGE_BUGREPORT "libxc@tddft.org"
| #define PACKAGE_URL "http://www.tddft.org/programs/Libxc"
| #define PACKAGE "libxc"
| #define VERSION "2.2.0"
| #define STDC_HEADERS 1
| #define HAVE_SYS_TYPES_H 1
| #define HAVE_SYS_STAT_H 1
| #define HAVE_STDLIB_H 1
| #define HAVE_STRING_H 1
| #define HAVE_MEMORY_H 1
| #define HAVE_STRINGS_H 1
| #define HAVE_INTTYPES_H 1
| #define HAVE_STDINT_H 1
| #define HAVE_UNISTD_H 1
| #define HAVE_DLFCN_H 1
| #define LT_OBJDIR ".libs/"
| #define STDC_HEADERS 1
| #define HAVE_ALLOCA_H 1
| #define HAVE_ALLOCA 1
| #define SIZEOF_VOIDP 8
| #define HAVE_SQRTF 1
| #define HAVE_CBRT 1
| #define HAVE_CBRTF 1
| #define HAVE_FEENABLEEXCEPT 1
| #define HAVE_FORTRAN 1
| /* end confdefs.h.  */
| 
| /* Override any GCC internal prototype to avoid an error.
|    Use char because int might match the return type of a GCC
|    builtin and then its argument prototype would still apply.  */
| #ifdef __cplusplus
| extern "C"
| #endif
| char foobar ();
| #ifdef FC_DUMMY_MAIN
| #ifndef FC_DUMMY_MAIN_EQ_F77
| #  ifdef __cplusplus
|      extern "C"
| #  endif
|    int FC_DUMMY_MAIN() { return 1; }
| #endif
| #endif
| int
| main ()
| {
| return foobar ();
|   ;
|   return 0;
| }
configure:17034: icc -o conftest -fPIC -xHOST   conftest.c cfortran_test.o   -L/usr/lib/gcc/x86_64-redhat-linux/4.8.3 -L/usr/lib/gcc/x86_64-redhat-linux/4.8.3/../../../../lib64 -L/lib/../lib64 -L/usr/lib/../lib64 -L/opt/intel/composer_xe_2015.3.187/compiler/lib/intel64 -L/opt/intel/composer_xe_2015.3.187/ipp/../compiler/lib/intel64 -L/opt/intel/composer_xe_2015.3.187/ipp/lib/intel64 -L/opt/intel/composer_xe_2015.3.187/mkl/lib/intel64 -L/opt/intel/composer_xe_2015.3.187/tbb/lib/intel64/gcc4.4 -L/usr/lib/gcc/x86_64-redhat-linux/4.8.3/../../.. -lgfortran -lm -lquadmath >&5
configure:17034: $? = 0
configure:17092: icc -o conftest -fPIC -xHOST   conftest.c cfortran_test.o   -L/usr/lib/gcc/x86_64-redhat-linux/4.8.3 -L/usr/lib/gcc/x86_64-redhat-linux/4.8.3/../../../../lib64 -L/lib/../lib64 -L/usr/lib/../lib64 -L/opt/intel/composer_xe_2015.3.187/compiler/lib/intel64 -L/opt/intel/composer_xe_2015.3.187/ipp/../compiler/lib/intel64 -L/opt/intel/composer_xe_2015.3.187/ipp/lib/intel64 -L/opt/intel/composer_xe_2015.3.187/mkl/lib/intel64 -L/opt/intel/composer_xe_2015.3.187/tbb/lib/intel64/gcc4.4 -L/usr/lib/gcc/x86_64-redhat-linux/4.8.3/../../.. -lgfortran -lm -lquadmath >&5
configure:17092: $? = 0
configure:17134: result: lower case, underscore, no extra underscore
configure:17199: checking whether the compiler accepts very long lines
configure:17208: gfortran -c -pipe -O3 -funroll-loops -ffast-math -ffree-line-length-none  conftest.f90 >&5
configure:17208: $? = 0
configure:17218: result: yes
configure:17223: checking whether the compiler accepts "line-number" lines cast by the preprocessor
configure:17230: gfortran -c -pipe -O3 -funroll-loops -ffast-math -ffree-line-length-none  conftest.f90 >&5
configure:17230: $? = 0
configure:17241: result: yes
configure:17247: checking fortran 90 modules extension
configure:17273: gfortran -c -pipe -O3 -funroll-loops -ffast-math -ffree-line-length-none  conftest.f90 >&5
configure:17273: $? = 0
configure:17297: result: mod
configure:17304: checking for the size of a Fortran integer
configure:17330: gfortran -o conftest -pipe -O3 -funroll-loops -ffast-math -ffree-line-length-none   conftest.f90  >&5
configure:17330: $? = 0
configure:17330: ./conftest
configure:17330: $? = 0
configure:17342: result: 4 bytes
configure:17354: checking for which C type corresponds to Fortran integer
configure:17402: icc -o conftest -fPIC -xHOST   conftest.c  >&5
configure:17402: $? = 0
configure:17402: ./conftest
configure:17402: $? = 0
configure:17419: result: int
configure:17588: checking that generated files are newer than configure
configure:17594: result: done
configure:17637: creating ./config.status

## ---------------------- ##
## Running config.status. ##
## ---------------------- ##

This file was extended by libxc config.status 2.2.0, which was
generated by GNU Autoconf 2.69.  Invocation command line was

  CONFIG_FILES    = 
  CONFIG_HEADERS  = 
  CONFIG_LINKS    = 
  CONFIG_COMMANDS = 
  $ ./config.status 

on bdi

config.status:1187: creating Makefile
config.status:1187: creating xc_version.h
config.status:1187: creating src/Makefile
config.status:1187: creating testsuite/Makefile
config.status:1187: creating build/Makefile
config.status:1187: creating build/libxc.pc
config.status:1187: creating build/libxc.spec
config.status:1187: creating config.h
config.status:1368: config.h is unchanged
config.status:1416: executing depfiles commands
config.status:1416: executing libtool commands

## ---------------- ##
## Cache variables. ##
## ---------------- ##

ac_cv_build=x86_64-unknown-linux-gnu
ac_cv_build_fortran=yes
ac_cv_c_compiler_gnu=yes
ac_cv_c_inline=inline
ac_cv_env_CC_set=set
ac_cv_env_CC_value=icc
ac_cv_env_CFLAGS_set=set
ac_cv_env_CFLAGS_value='-fPIC -xHOST'
ac_cv_env_CPPFLAGS_set=
ac_cv_env_CPPFLAGS_value=
ac_cv_env_CPP_set=
ac_cv_env_CPP_value=
ac_cv_env_FCCPP_set=
ac_cv_env_FCCPP_value=
ac_cv_env_FCFLAGS_set=
ac_cv_env_FCFLAGS_value=
ac_cv_env_FC_set=
ac_cv_env_FC_value=
ac_cv_env_LDFLAGS_set=
ac_cv_env_LDFLAGS_value=
ac_cv_env_LIBS_set=
ac_cv_env_LIBS_value=
ac_cv_env_build_alias_set=
ac_cv_env_build_alias_value=
ac_cv_env_host_alias_set=
ac_cv_env_host_alias_value=
ac_cv_env_target_alias_set=
ac_cv_env_target_alias_value=
ac_cv_fc_compiler_gnu=yes
ac_cv_fc_dummy_main=none
ac_cv_fc_libs=' -L/usr/lib/gcc/x86_64-redhat-linux/4.8.3 -L/usr/lib/gcc/x86_64-redhat-linux/4.8.3/../../../../lib64 -L/lib/../lib64 -L/usr/lib/../lib64 -L/opt/intel/composer_xe_2015.3.187/compiler/lib/intel64 -L/opt/intel/composer_xe_2015.3.187/ipp/../compiler/lib/intel64 -L/opt/intel/composer_xe_2015.3.187/ipp/lib/intel64 -L/opt/intel/composer_xe_2015.3.187/mkl/lib/intel64 -L/opt/intel/composer_xe_2015.3.187/tbb/lib/intel64/gcc4.4 -L/usr/lib/gcc/x86_64-redhat-linux/4.8.3/../../.. -lgfortran -lm -lquadmath'
ac_cv_fc_mangling='lower case, underscore, no extra underscore'
ac_cv_fc_srcext_f90=none
ac_cv_fortran_dummy_main=none
ac_cv_func_alloca_works=yes
ac_cv_header_dlfcn_h=yes
ac_cv_header_inttypes_h=yes
ac_cv_header_memory_h=yes
ac_cv_header_stdc=yes
ac_cv_header_stdint_h=yes
ac_cv_header_stdlib_h=yes
ac_cv_header_string_h=yes
ac_cv_header_strings_h=yes
ac_cv_header_sys_stat_h=yes
ac_cv_header_sys_types_h=yes
ac_cv_header_unistd_h=yes
ac_cv_host=x86_64-unknown-linux-gnu
ac_cv_lib_m_cbrt=yes
ac_cv_lib_m_cbrtf=yes
ac_cv_lib_m_feenableexcept=yes
ac_cv_lib_m_sqrtf=yes
ac_cv_objext=o
ac_cv_path_EGREP='/usr/bin/grep -E'
ac_cv_path_FGREP='/usr/bin/grep -F'
ac_cv_path_GREP=/usr/bin/grep
ac_cv_path_SED=/usr/bin/sed
ac_cv_path_install='/usr/bin/install -c'
ac_cv_path_mkdir=/usr/bin/mkdir
ac_cv_prog_AWK=gawk
ac_cv_prog_CPP='icc -E'
ac_cv_prog_ac_ct_AR=ar
ac_cv_prog_ac_ct_CC=icc
ac_cv_prog_ac_ct_FC=gfortran
ac_cv_prog_ac_ct_OBJDUMP=objdump
ac_cv_prog_ac_ct_RANLIB=ranlib
ac_cv_prog_ac_ct_STRIP=strip
ac_cv_prog_cc_c89=
ac_cv_prog_cc_g=yes
ac_cv_prog_cc_icc_c_o=yes
ac_cv_prog_fc_g=yes
ac_cv_prog_fc_v=-v
ac_cv_prog_make_make_set=yes
ac_cv_single_prec=no
ac_cv_sizeof_voidp=8
ac_cv_type_size_t=yes
ac_cv_working_alloca_h=yes
am_cv_CC_dependencies_compiler_type=gcc3
am_cv_make_support_nested_variables=yes
ax_cv_f90_modext=mod
lt_cv_ar_at_file=@
lt_cv_archive_cmds_need_lc=no
lt_cv_deplibs_check_method=pass_all
lt_cv_file_magic_cmd='$MAGIC_CMD'
lt_cv_file_magic_test_file=
lt_cv_ld_reload_flag=-r
lt_cv_nm_interface='BSD nm'
lt_cv_objdir=.libs
lt_cv_path_LD=/usr/bin/ld
lt_cv_path_NM='/usr/bin/nm -B'
lt_cv_path_mainfest_tool=no
lt_cv_prog_compiler_c_o=yes
lt_cv_prog_compiler_c_o_FC=yes
lt_cv_prog_compiler_pic='-fPIC -DPIC'
lt_cv_prog_compiler_pic_FC=-fPIC
lt_cv_prog_compiler_pic_works=yes
lt_cv_prog_compiler_pic_works_FC=yes
lt_cv_prog_compiler_rtti_exceptions=yes
lt_cv_prog_compiler_static_works=no
lt_cv_prog_compiler_static_works_FC=no
lt_cv_prog_gnu_ld=yes
lt_cv_sharedlib_from_linklib_cmd='printf %s\n'
lt_cv_shlibpath_overrides_runpath=no
lt_cv_sys_global_symbol_pipe='sed -n -e '\''s/^.*[	 ]\([ABCDGIRSTW][ABCDGIRSTW]*\)[	 ][	 ]*\([_A-Za-z][_A-Za-z0-9]*\)$/\1 \2 \2/p'\'' | sed '\''/ __gnu_lto/d'\'''
lt_cv_sys_global_symbol_to_c_name_address='sed -n -e '\''s/^: \([^ ]*\)[ ]*$/  {\"\1\", (void *) 0},/p'\'' -e '\''s/^[ABCDGIRSTW]* \([^ ]*\) \([^ ]*\)$/  {"\2", (void *) \&\2},/p'\'''
lt_cv_sys_global_symbol_to_c_name_address_lib_prefix='sed -n -e '\''s/^: \([^ ]*\)[ ]*$/  {\"\1\", (void *) 0},/p'\'' -e '\''s/^[ABCDGIRSTW]* \([^ ]*\) \(lib[^ ]*\)$/  {"\2", (void *) \&\2},/p'\'' -e '\''s/^[ABCDGIRSTW]* \([^ ]*\) \([^ ]*\)$/  {"lib\2", (void *) \&\2},/p'\'''
lt_cv_sys_global_symbol_to_cdecl='sed -n -e '\''s/^T .* \(.*\)$/extern int \1();/p'\'' -e '\''s/^[ABCDGIRSTW]* .* \(.*\)$/extern char \1;/p'\'''
lt_cv_sys_max_cmd_len=1572864
lt_cv_to_host_file_cmd=func_convert_file_noop
lt_cv_to_tool_file_cmd=func_convert_file_noop

## ----------------- ##
## Output variables. ##
## ----------------- ##

ACLOCAL='${SHELL} /home/rmfarber/book2/s09/gpaw/gpaw/libxc-2.2.0/missing aclocal-1.13'
ALLOCA=''
AMDEPBACKSLASH='\'
AMDEP_FALSE='#'
AMDEP_TRUE=''
AMTAR='$${TAR-tar}'
AM_BACKSLASH='\'
AM_DEFAULT_V='$(AM_DEFAULT_VERBOSITY)'
AM_DEFAULT_VERBOSITY='1'
AM_V='$(V)'
AR='ar'
AUTOCONF='${SHELL} /home/rmfarber/book2/s09/gpaw/gpaw/libxc-2.2.0/missing autoconf'
AUTOHEADER='${SHELL} /home/rmfarber/book2/s09/gpaw/gpaw/libxc-2.2.0/missing autoheader'
AUTOMAKE='${SHELL} /home/rmfarber/book2/s09/gpaw/gpaw/libxc-2.2.0/missing automake-1.13'
AWK='gawk'
CC='icc'
CCDEPMODE='depmode=gcc3'
CFLAGS='-fPIC -xHOST'
COMPILE_FORTRAN_FALSE='#'
COMPILE_FORTRAN_TRUE=''
COMPILE_SINGLE_FALSE=''
COMPILE_SINGLE_TRUE='#'
CPP='icc -E'
CPPFLAGS=''
CYGPATH_W='echo'
DEFS='-DHAVE_CONFIG_H'
DEPDIR='.deps'
DLLTOOL='false'
DSYMUTIL=''
DUMPBIN=''
ECHO_C=''
ECHO_N='-n'
ECHO_T=''
EGREP='/usr/bin/grep -E'
ENABLE_FORTRAN_FALSE='#'
ENABLE_FORTRAN_TRUE=''
EXEEXT=''
F90_ACCEPTS_LINE_NUMBERS='yes'
F90_MOD_UPPERCASE_FALSE=''
F90_MOD_UPPERCASE_TRUE='#'
FC='gfortran'
FCCPP='/lib/cpp -ansi'
FCFLAGS='-pipe -O3 -funroll-loops -ffast-math -ffree-line-length-none'
FCFLAGS_f90=''
FCLIBS=' -L/usr/lib/gcc/x86_64-redhat-linux/4.8.3 -L/usr/lib/gcc/x86_64-redhat-linux/4.8.3/../../../../lib64 -L/lib/../lib64 -L/usr/lib/../lib64 -L/opt/intel/composer_xe_2015.3.187/compiler/lib/intel64 -L/opt/intel/composer_xe_2015.3.187/ipp/../compiler/lib/intel64 -L/opt/intel/composer_xe_2015.3.187/ipp/lib/intel64 -L/opt/intel/composer_xe_2015.3.187/mkl/lib/intel64 -L/opt/intel/composer_xe_2015.3.187/tbb/lib/intel64/gcc4.4 -L/usr/lib/gcc/x86_64-redhat-linux/4.8.3/../../.. -lgfortran -lm -lquadmath'
FGREP='/usr/bin/grep -F'
GREP='/usr/bin/grep'
INSTALL_DATA='${INSTALL} -m 644'
INSTALL_PROGRAM='${INSTALL}'
INSTALL_SCRIPT='${INSTALL}'
INSTALL_STRIP_PROGRAM='$(install_sh) -c -s'
LD='/usr/bin/ld -m elf_x86_64'
LDFLAGS=''
LIBOBJS=''
LIBS=''
LIBTOOL='$(SHELL) $(top_builddir)/libtool'
LIPO=''
LN_S='ln -s'
LONG_LINES='yes'
LTLIBOBJS=''
MAKEINFO='${SHELL} /home/rmfarber/book2/s09/gpaw/gpaw/libxc-2.2.0/missing makeinfo'
MANIFEST_TOOL=':'
MKDIR_P='/usr/bin/mkdir -p'
NM='/usr/bin/nm -B'
NMEDIT=''
OBJDUMP='objdump'
OBJEXT='o'
OTOOL64=''
OTOOL=''
PACKAGE='libxc'
PACKAGE_BUGREPORT='libxc@tddft.org'
PACKAGE_NAME='libxc'
PACKAGE_STRING='libxc 2.2.0'
PACKAGE_TARNAME='libxc'
PACKAGE_URL='http://www.tddft.org/programs/Libxc'
PACKAGE_VERSION='2.2.0'
PATH_SEPARATOR=':'
RANLIB='ranlib'
SED='/usr/bin/sed'
SET_MAKE=''
SHELL='/bin/sh'
STRIP='strip'
VERSION='2.2.0'
XC_LT_VERSION='3:0:0'
XC_MAJOR_VERSION='2'
XC_MINOR_VERSION='2'
ac_ct_AR='ar'
ac_ct_CC='icc'
ac_ct_DUMPBIN=''
ac_ct_FC='gfortran'
am__EXEEXT_FALSE=''
am__EXEEXT_TRUE='#'
am__fastdepCC_FALSE='#'
am__fastdepCC_TRUE=''
am__include='include'
am__isrc=''
am__leading_dot='.'
am__nodep='_no'
am__quote=''
am__tar='$${TAR-tar} chof - "$$tardir"'
am__untar='$${TAR-tar} xf -'
ax_cv_f90_modext='mod'
bindir='${exec_prefix}/bin'
build='x86_64-unknown-linux-gnu'
build_alias=''
build_cpu='x86_64'
build_os='linux-gnu'
build_vendor='unknown'
datadir='${datarootdir}'
datarootdir='${prefix}/share'
docdir='${datarootdir}/doc/${PACKAGE_TARNAME}'
dvidir='${docdir}'
exec_prefix='${prefix}'
host='x86_64-unknown-linux-gnu'
host_alias=''
host_cpu='x86_64'
host_os='linux-gnu'
host_vendor='unknown'
htmldir='${docdir}'
includedir='${prefix}/include'
infodir='${datarootdir}/info'
install_sh='${SHELL} /home/rmfarber/book2/s09/gpaw/gpaw/libxc-2.2.0/install-sh'
libdir='${exec_prefix}/lib'
libexecdir='${exec_prefix}/libexec'
localedir='${datarootdir}/locale'
localstatedir='${prefix}/var'
mandir='${datarootdir}/man'
mkdir_p='$(MKDIR_P)'
oldincludedir='/usr/include'
pdfdir='${docdir}'
prefix='/home/rmfarber/book2/s09/gpaw/gpaw/libxc-2.2.0/install'
program_transform_name='s,x,x,'
psdir='${docdir}'
sbindir='${exec_prefix}/sbin'
sharedstatedir='${prefix}/com'
sysconfdir='${prefix}/etc'
target_alias=''

## ----------- ##
## confdefs.h. ##
## ----------- ##

/* confdefs.h */
#define PACKAGE_NAME "libxc"
#define PACKAGE_TARNAME "libxc"
#define PACKAGE_VERSION "2.2.0"
#define PACKAGE_STRING "libxc 2.2.0"
#define PACKAGE_BUGREPORT "libxc@tddft.org"
#define PACKAGE_URL "http://www.tddft.org/programs/Libxc"
#define PACKAGE "libxc"
#define VERSION "2.2.0"
#define STDC_HEADERS 1
#define HAVE_SYS_TYPES_H 1
#define HAVE_SYS_STAT_H 1
#define HAVE_STDLIB_H 1
#define HAVE_STRING_H 1
#define HAVE_MEMORY_H 1
#define HAVE_STRINGS_H 1
#define HAVE_INTTYPES_H 1
#define HAVE_STDINT_H 1
#define HAVE_UNISTD_H 1
#define HAVE_DLFCN_H 1
#define LT_OBJDIR ".libs/"
#define STDC_HEADERS 1
#define HAVE_ALLOCA_H 1
#define HAVE_ALLOCA 1
#define SIZEOF_VOIDP 8
#define HAVE_SQRTF 1
#define HAVE_CBRT 1
#define HAVE_CBRTF 1
#define HAVE_FEENABLEEXCEPT 1
#define HAVE_FORTRAN 1
#define FC_FUNC(name,NAME) name ## _
#define FC_FUNC_(name,NAME) name ## _
#define LONG_LINES 1
#define F90_ACCEPTS_LINE_NUMBERS 1
#define FC_INTEGER_SIZE 4
#define CC_FORTRAN_INT int

configure: exit 0
